CRITICAL - 2024-04-26 00:08:14 --> ParseError: syntax error, unexpected token ";", expecting "]"
[Method: GET, Route: inscription.php]
in APPPATH\Controllers\Controllers_Inscription.php on line 19.
 1 SYSTEMPATH\Autoloader\Autoloader.php(296): CodeIgniter\Autoloader\Autoloader->includeFile('F:\\uwamp\\www\\CVVEN\\app\\Controllers\\Controllers_Inscription.php')
 2 SYSTEMPATH\Autoloader\Autoloader.php(272): CodeIgniter\Autoloader\Autoloader->loadInNamespace('App\\Controllers\\Controllers_Inscription')
 3 [internal function]: CodeIgniter\Autoloader\Autoloader->loadClass('App\\Controllers\\Controllers_Inscription')
 4 SYSTEMPATH\CodeIgniter.php(887): class_exists('\\App\\Controllers\\Controllers_Inscription', true)
 5 SYSTEMPATH\CodeIgniter.php(496): CodeIgniter\CodeIgniter->startController()
 6 SYSTEMPATH\CodeIgniter.php(355): CodeIgniter\CodeIgniter->handleRequest(null, Object(Config\Cache), false)
 7 SYSTEMPATH\Boot.php(312): CodeIgniter\CodeIgniter->run()
 8 SYSTEMPATH\Boot.php(67): CodeIgniter\Boot::runCodeIgniter(Object(CodeIgniter\CodeIgniter))
 9 FCPATH\index.php(56): CodeIgniter\Boot::bootWeb(Object(Config\Paths))
10 SYSTEMPATH\Commands\Server\rewrite.php(49): require_once('F:\\uwamp\\www\\CVVEN\\public\\index.php')
CRITICAL - 2024-04-26 00:08:30 --> ParseError: syntax error, unexpected token ";", expecting "]"
[Method: GET, Route: inscription.php]
in APPPATH\Controllers\Controllers_Inscription.php on line 19.
 1 SYSTEMPATH\Autoloader\Autoloader.php(296): CodeIgniter\Autoloader\Autoloader->includeFile('F:\\uwamp\\www\\CVVEN\\app\\Controllers\\Controllers_Inscription.php')
 2 SYSTEMPATH\Autoloader\Autoloader.php(272): CodeIgniter\Autoloader\Autoloader->loadInNamespace('App\\Controllers\\Controllers_Inscription')
 3 [internal function]: CodeIgniter\Autoloader\Autoloader->loadClass('App\\Controllers\\Controllers_Inscription')
 4 SYSTEMPATH\CodeIgniter.php(887): class_exists('\\App\\Controllers\\Controllers_Inscription', true)
 5 SYSTEMPATH\CodeIgniter.php(496): CodeIgniter\CodeIgniter->startController()
 6 SYSTEMPATH\CodeIgniter.php(355): CodeIgniter\CodeIgniter->handleRequest(null, Object(Config\Cache), false)
 7 SYSTEMPATH\Boot.php(312): CodeIgniter\CodeIgniter->run()
 8 SYSTEMPATH\Boot.php(67): CodeIgniter\Boot::runCodeIgniter(Object(CodeIgniter\CodeIgniter))
 9 FCPATH\index.php(56): CodeIgniter\Boot::bootWeb(Object(Config\Paths))
10 SYSTEMPATH\Commands\Server\rewrite.php(49): require_once('F:\\uwamp\\www\\CVVEN\\public\\index.php')
CRITICAL - 2024-04-26 00:11:12 --> ParseError: syntax error, unexpected token ";", expecting "]"
[Method: GET, Route: inscription.php]
in APPPATH\Controllers\Controllers_Inscription.php on line 19.
 1 SYSTEMPATH\Autoloader\Autoloader.php(296): CodeIgniter\Autoloader\Autoloader->includeFile('F:\\uwamp\\www\\CVVEN\\app\\Controllers\\Controllers_Inscription.php')
 2 SYSTEMPATH\Autoloader\Autoloader.php(272): CodeIgniter\Autoloader\Autoloader->loadInNamespace('App\\Controllers\\Controllers_Inscription')
 3 [internal function]: CodeIgniter\Autoloader\Autoloader->loadClass('App\\Controllers\\Controllers_Inscription')
 4 SYSTEMPATH\CodeIgniter.php(887): class_exists('\\App\\Controllers\\Controllers_Inscription', true)
 5 SYSTEMPATH\CodeIgniter.php(496): CodeIgniter\CodeIgniter->startController()
 6 SYSTEMPATH\CodeIgniter.php(355): CodeIgniter\CodeIgniter->handleRequest(null, Object(Config\Cache), false)
 7 SYSTEMPATH\Boot.php(312): CodeIgniter\CodeIgniter->run()
 8 SYSTEMPATH\Boot.php(67): CodeIgniter\Boot::runCodeIgniter(Object(CodeIgniter\CodeIgniter))
 9 FCPATH\index.php(56): CodeIgniter\Boot::bootWeb(Object(Config\Paths))
10 SYSTEMPATH\Commands\Server\rewrite.php(49): require_once('F:\\uwamp\\www\\CVVEN\\public\\index.php')
CRITICAL - 2024-04-26 00:11:15 --> ParseError: syntax error, unexpected token ";", expecting "]"
[Method: GET, Route: inscription.php]
in APPPATH\Controllers\Controllers_Inscription.php on line 19.
 1 SYSTEMPATH\Autoloader\Autoloader.php(296): CodeIgniter\Autoloader\Autoloader->includeFile('F:\\uwamp\\www\\CVVEN\\app\\Controllers\\Controllers_Inscription.php')
 2 SYSTEMPATH\Autoloader\Autoloader.php(272): CodeIgniter\Autoloader\Autoloader->loadInNamespace('App\\Controllers\\Controllers_Inscription')
 3 [internal function]: CodeIgniter\Autoloader\Autoloader->loadClass('App\\Controllers\\Controllers_Inscription')
 4 SYSTEMPATH\CodeIgniter.php(887): class_exists('\\App\\Controllers\\Controllers_Inscription', true)
 5 SYSTEMPATH\CodeIgniter.php(496): CodeIgniter\CodeIgniter->startController()
 6 SYSTEMPATH\CodeIgniter.php(355): CodeIgniter\CodeIgniter->handleRequest(null, Object(Config\Cache), false)
 7 SYSTEMPATH\Boot.php(312): CodeIgniter\CodeIgniter->run()
 8 SYSTEMPATH\Boot.php(67): CodeIgniter\Boot::runCodeIgniter(Object(CodeIgniter\CodeIgniter))
 9 FCPATH\index.php(56): CodeIgniter\Boot::bootWeb(Object(Config\Paths))
10 SYSTEMPATH\Commands\Server\rewrite.php(49): require_once('F:\\uwamp\\www\\CVVEN\\public\\index.php')
DEBUG - 2024-04-26 00:11:43 --> La méthode inscription() est appelée.
DEBUG - 2024-04-26 22:54:25 --> La méthode inscription() est appelée.
DEBUG - 2024-04-26 22:54:27 --> La méthode inscription() est appelée.
DEBUG - 2024-04-26 22:56:34 --> La méthode inscription() est appelée.
DEBUG - 2024-04-26 22:57:36 --> La méthode inscription() est appelée.
DEBUG - 2024-04-26 23:10:42 --> La méthode inscription() est appelée.
ERROR - 2024-04-26 23:23:12 --> mysqli_sql_exception: Table 'cvven.utilisateurs' doesn't exist in F:\uwamp\www\CVVEN\system\Database\MySQLi\Connection.php:308
Stack trace:
#0 F:\uwamp\www\CVVEN\system\Database\MySQLi\Connection.php(308): mysqli->query('INSERT INTO `ut...', 0)
#1 F:\uwamp\www\CVVEN\system\Database\BaseConnection.php(722): CodeIgniter\Database\MySQLi\Connection->execute('INSERT INTO `ut...')
#2 F:\uwamp\www\CVVEN\system\Database\BaseConnection.php(636): CodeIgniter\Database\BaseConnection->simpleQuery('INSERT INTO `ut...')
#3 F:\uwamp\www\CVVEN\system\Database\BaseBuilder.php(2325): CodeIgniter\Database\BaseConnection->query('INSERT INTO `ut...', Array, false)
#4 F:\uwamp\www\CVVEN\app\Controllers\Inscription.php(29): CodeIgniter\Database\BaseBuilder->insert(Array)
#5 F:\uwamp\www\CVVEN\system\CodeIgniter.php(933): App\Controllers\Inscription->register()
#6 F:\uwamp\www\CVVEN\system\CodeIgniter.php(509): CodeIgniter\CodeIgniter->runController(Object(App\Controllers\Inscription))
#7 F:\uwamp\www\CVVEN\system\CodeIgniter.php(355): CodeIgniter\CodeIgniter->handleRequest(NULL, Object(Config\Cache), false)
#8 F:\uwamp\www\CVVEN\system\Boot.php(312): CodeIgniter\CodeIgniter->run()
#9 F:\uwamp\www\CVVEN\system\Boot.php(67): CodeIgniter\Boot::runCodeIgniter(Object(CodeIgniter\CodeIgniter))
#10 F:\uwamp\www\CVVEN\public\index.php(56): CodeIgniter\Boot::bootWeb(Object(Config\Paths))
#11 F:\uwamp\www\CVVEN\system\Commands\Server\rewrite.php(49): require_once('F:\\uwamp\\www\\CV...')
#12 {main}
CRITICAL - 2024-04-26 23:23:12 --> CodeIgniter\Database\Exceptions\DatabaseException: Table 'cvven.utilisateurs' doesn't exist
[Method: POST, Route: inscription2/register]
in SYSTEMPATH\Database\BaseConnection.php on line 676.
 1 SYSTEMPATH\Database\BaseBuilder.php(2325): CodeIgniter\Database\BaseConnection->query('INSERT INTO `utilisateurs` (`email`, `mot_de_passe`) VALUES (:email:, :mot_de_passe:)', [...], false)
 2 APPPATH\Controllers\Inscription.php(29): CodeIgniter\Database\BaseBuilder->insert([...])
 3 SYSTEMPATH\CodeIgniter.php(933): App\Controllers\Inscription->register()
 4 SYSTEMPATH\CodeIgniter.php(509): CodeIgniter\CodeIgniter->runController(Object(App\Controllers\Inscription))
 5 SYSTEMPATH\CodeIgniter.php(355): CodeIgniter\CodeIgniter->handleRequest(null, Object(Config\Cache), false)
 6 SYSTEMPATH\Boot.php(312): CodeIgniter\CodeIgniter->run()
 7 SYSTEMPATH\Boot.php(67): CodeIgniter\Boot::runCodeIgniter(Object(CodeIgniter\CodeIgniter))
 8 FCPATH\index.php(56): CodeIgniter\Boot::bootWeb(Object(Config\Paths))
 9 SYSTEMPATH\Commands\Server\rewrite.php(49): require_once('F:\\uwamp\\www\\CVVEN\\public\\index.php')
CRITICAL - 2024-04-26 23:23:12 --> [Caused by] CodeIgniter\Database\Exceptions\DatabaseException: Table 'cvven.utilisateurs' doesn't exist
in SYSTEMPATH\Database\MySQLi\Connection.php on line 313.
 1 SYSTEMPATH\Database\BaseConnection.php(722): CodeIgniter\Database\MySQLi\Connection->execute('INSERT INTO `utilisateurs` (`email`, `mot_de_passe`) VALUES (\'yoannmercier1233@gmail.com\', \'$2y$10$L24BJhDj3dr6KIhrEMC1Z.UCltiYVyqWDlwZDrzW8J.K5OR4.ezHK\')')
 2 SYSTEMPATH\Database\BaseConnection.php(636): CodeIgniter\Database\BaseConnection->simpleQuery('INSERT INTO `utilisateurs` (`email`, `mot_de_passe`) VALUES (\'yoannmercier1233@gmail.com\', \'$2y$10$L24BJhDj3dr6KIhrEMC1Z.UCltiYVyqWDlwZDrzW8J.K5OR4.ezHK\')')
 3 SYSTEMPATH\Database\BaseBuilder.php(2325): CodeIgniter\Database\BaseConnection->query('INSERT INTO `utilisateurs` (`email`, `mot_de_passe`) VALUES (:email:, :mot_de_passe:)', [...], false)
 4 APPPATH\Controllers\Inscription.php(29): CodeIgniter\Database\BaseBuilder->insert([...])
 5 SYSTEMPATH\CodeIgniter.php(933): App\Controllers\Inscription->register()
 6 SYSTEMPATH\CodeIgniter.php(509): CodeIgniter\CodeIgniter->runController(Object(App\Controllers\Inscription))
 7 SYSTEMPATH\CodeIgniter.php(355): CodeIgniter\CodeIgniter->handleRequest(null, Object(Config\Cache), false)
 8 SYSTEMPATH\Boot.php(312): CodeIgniter\CodeIgniter->run()
 9 SYSTEMPATH\Boot.php(67): CodeIgniter\Boot::runCodeIgniter(Object(CodeIgniter\CodeIgniter))
10 FCPATH\index.php(56): CodeIgniter\Boot::bootWeb(Object(Config\Paths))
11 SYSTEMPATH\Commands\Server\rewrite.php(49): require_once('F:\\uwamp\\www\\CVVEN\\public\\index.php')
CRITICAL - 2024-04-26 23:23:12 --> [Caused by] mysqli_sql_exception: Table 'cvven.utilisateurs' doesn't exist
in SYSTEMPATH\Database\MySQLi\Connection.php on line 308.
 1 SYSTEMPATH\Database\MySQLi\Connection.php(308): mysqli->query('INSERT INTO `utilisateurs` (`email`, `mot_de_passe`) VALUES (\'yoannmercier1233@gmail.com\', \'$2y$10$L24BJhDj3dr6KIhrEMC1Z.UCltiYVyqWDlwZDrzW8J.K5OR4.ezHK\')', 0)
 2 SYSTEMPATH\Database\BaseConnection.php(722): CodeIgniter\Database\MySQLi\Connection->execute('INSERT INTO `utilisateurs` (`email`, `mot_de_passe`) VALUES (\'yoannmercier1233@gmail.com\', \'$2y$10$L24BJhDj3dr6KIhrEMC1Z.UCltiYVyqWDlwZDrzW8J.K5OR4.ezHK\')')
 3 SYSTEMPATH\Database\BaseConnection.php(636): CodeIgniter\Database\BaseConnection->simpleQuery('INSERT INTO `utilisateurs` (`email`, `mot_de_passe`) VALUES (\'yoannmercier1233@gmail.com\', \'$2y$10$L24BJhDj3dr6KIhrEMC1Z.UCltiYVyqWDlwZDrzW8J.K5OR4.ezHK\')')
 4 SYSTEMPATH\Database\BaseBuilder.php(2325): CodeIgniter\Database\BaseConnection->query('INSERT INTO `utilisateurs` (`email`, `mot_de_passe`) VALUES (:email:, :mot_de_passe:)', [...], false)
 5 APPPATH\Controllers\Inscription.php(29): CodeIgniter\Database\BaseBuilder->insert([...])
 6 SYSTEMPATH\CodeIgniter.php(933): App\Controllers\Inscription->register()
 7 SYSTEMPATH\CodeIgniter.php(509): CodeIgniter\CodeIgniter->runController(Object(App\Controllers\Inscription))
 8 SYSTEMPATH\CodeIgniter.php(355): CodeIgniter\CodeIgniter->handleRequest(null, Object(Config\Cache), false)
 9 SYSTEMPATH\Boot.php(312): CodeIgniter\CodeIgniter->run()
10 SYSTEMPATH\Boot.php(67): CodeIgniter\Boot::runCodeIgniter(Object(CodeIgniter\CodeIgniter))
11 FCPATH\index.php(56): CodeIgniter\Boot::bootWeb(Object(Config\Paths))
12 SYSTEMPATH\Commands\Server\rewrite.php(49): require_once('F:\\uwamp\\www\\CVVEN\\public\\index.php')
