ERROR - 2024-04-27 00:06:34 --> mysqli_sql_exception: Table 'cvven.utilisateurs' doesn't exist in F:\uwamp\www\CVVEN\system\Database\MySQLi\Connection.php:308
Stack trace:
#0 F:\uwamp\www\CVVEN\system\Database\MySQLi\Connection.php(308): mysqli->query('INSERT INTO `ut...', 0)
#1 F:\uwamp\www\CVVEN\system\Database\BaseConnection.php(722): CodeIgniter\Database\MySQLi\Connection->execute('INSERT INTO `ut...')
#2 F:\uwamp\www\CVVEN\system\Database\BaseConnection.php(636): CodeIgniter\Database\BaseConnection->simpleQuery('INSERT INTO `ut...')
#3 F:\uwamp\www\CVVEN\system\Database\BaseBuilder.php(2325): CodeIgniter\Database\BaseConnection->query('INSERT INTO `ut...', Array, false)
#4 F:\uwamp\www\CVVEN\app\Controllers\Inscription.php(29): CodeIgniter\Database\BaseBuilder->insert(Array)
#5 F:\uwamp\www\CVVEN\system\CodeIgniter.php(933): App\Controllers\Inscription->register()
#6 F:\uwamp\www\CVVEN\system\CodeIgniter.php(509): CodeIgniter\CodeIgniter->runController(Object(App\Controllers\Inscription))
#7 F:\uwamp\www\CVVEN\system\CodeIgniter.php(355): CodeIgniter\CodeIgniter->handleRequest(NULL, Object(Config\Cache), false)
#8 F:\uwamp\www\CVVEN\system\Boot.php(312): CodeIgniter\CodeIgniter->run()
#9 F:\uwamp\www\CVVEN\system\Boot.php(67): CodeIgniter\Boot::runCodeIgniter(Object(CodeIgniter\CodeIgniter))
#10 F:\uwamp\www\CVVEN\public\index.php(56): CodeIgniter\Boot::bootWeb(Object(Config\Paths))
#11 F:\uwamp\www\CVVEN\system\Commands\Server\rewrite.php(49): require_once('F:\\uwamp\\www\\CV...')
#12 {main}
CRITICAL - 2024-04-27 00:06:35 --> CodeIgniter\Database\Exceptions\DatabaseException: Table 'cvven.utilisateurs' doesn't exist
[Method: POST, Route: inscription2/register]
in SYSTEMPATH\Database\BaseConnection.php on line 676.
 1 SYSTEMPATH\Database\BaseBuilder.php(2325): CodeIgniter\Database\BaseConnection->query('INSERT INTO `utilisateurs` (`email`, `mot_de_passe`) VALUES (:email:, :mot_de_passe:)', [...], false)
 2 APPPATH\Controllers\Inscription.php(29): CodeIgniter\Database\BaseBuilder->insert([...])
 3 SYSTEMPATH\CodeIgniter.php(933): App\Controllers\Inscription->register()
 4 SYSTEMPATH\CodeIgniter.php(509): CodeIgniter\CodeIgniter->runController(Object(App\Controllers\Inscription))
 5 SYSTEMPATH\CodeIgniter.php(355): CodeIgniter\CodeIgniter->handleRequest(null, Object(Config\Cache), false)
 6 SYSTEMPATH\Boot.php(312): CodeIgniter\CodeIgniter->run()
 7 SYSTEMPATH\Boot.php(67): CodeIgniter\Boot::runCodeIgniter(Object(CodeIgniter\CodeIgniter))
 8 FCPATH\index.php(56): CodeIgniter\Boot::bootWeb(Object(Config\Paths))
 9 SYSTEMPATH\Commands\Server\rewrite.php(49): require_once('F:\\uwamp\\www\\CVVEN\\public\\index.php')
CRITICAL - 2024-04-27 00:06:35 --> [Caused by] CodeIgniter\Database\Exceptions\DatabaseException: Table 'cvven.utilisateurs' doesn't exist
in SYSTEMPATH\Database\MySQLi\Connection.php on line 313.
 1 SYSTEMPATH\Database\BaseConnection.php(722): CodeIgniter\Database\MySQLi\Connection->execute('INSERT INTO `utilisateurs` (`email`, `mot_de_passe`) VALUES (\'yoannmercier1233@gmail.com\', \'$2y$10$esA4M8ogUf.7IW8PA.W4Ju0Arn0buuBdIpVv07XMlyLt2lFa4hVkO\')')
 2 SYSTEMPATH\Database\BaseConnection.php(636): CodeIgniter\Database\BaseConnection->simpleQuery('INSERT INTO `utilisateurs` (`email`, `mot_de_passe`) VALUES (\'yoannmercier1233@gmail.com\', \'$2y$10$esA4M8ogUf.7IW8PA.W4Ju0Arn0buuBdIpVv07XMlyLt2lFa4hVkO\')')
 3 SYSTEMPATH\Database\BaseBuilder.php(2325): CodeIgniter\Database\BaseConnection->query('INSERT INTO `utilisateurs` (`email`, `mot_de_passe`) VALUES (:email:, :mot_de_passe:)', [...], false)
 4 APPPATH\Controllers\Inscription.php(29): CodeIgniter\Database\BaseBuilder->insert([...])
 5 SYSTEMPATH\CodeIgniter.php(933): App\Controllers\Inscription->register()
 6 SYSTEMPATH\CodeIgniter.php(509): CodeIgniter\CodeIgniter->runController(Object(App\Controllers\Inscription))
 7 SYSTEMPATH\CodeIgniter.php(355): CodeIgniter\CodeIgniter->handleRequest(null, Object(Config\Cache), false)
 8 SYSTEMPATH\Boot.php(312): CodeIgniter\CodeIgniter->run()
 9 SYSTEMPATH\Boot.php(67): CodeIgniter\Boot::runCodeIgniter(Object(CodeIgniter\CodeIgniter))
10 FCPATH\index.php(56): CodeIgniter\Boot::bootWeb(Object(Config\Paths))
11 SYSTEMPATH\Commands\Server\rewrite.php(49): require_once('F:\\uwamp\\www\\CVVEN\\public\\index.php')
CRITICAL - 2024-04-27 00:06:35 --> [Caused by] mysqli_sql_exception: Table 'cvven.utilisateurs' doesn't exist
in SYSTEMPATH\Database\MySQLi\Connection.php on line 308.
 1 SYSTEMPATH\Database\MySQLi\Connection.php(308): mysqli->query('INSERT INTO `utilisateurs` (`email`, `mot_de_passe`) VALUES (\'yoannmercier1233@gmail.com\', \'$2y$10$esA4M8ogUf.7IW8PA.W4Ju0Arn0buuBdIpVv07XMlyLt2lFa4hVkO\')', 0)
 2 SYSTEMPATH\Database\BaseConnection.php(722): CodeIgniter\Database\MySQLi\Connection->execute('INSERT INTO `utilisateurs` (`email`, `mot_de_passe`) VALUES (\'yoannmercier1233@gmail.com\', \'$2y$10$esA4M8ogUf.7IW8PA.W4Ju0Arn0buuBdIpVv07XMlyLt2lFa4hVkO\')')
 3 SYSTEMPATH\Database\BaseConnection.php(636): CodeIgniter\Database\BaseConnection->simpleQuery('INSERT INTO `utilisateurs` (`email`, `mot_de_passe`) VALUES (\'yoannmercier1233@gmail.com\', \'$2y$10$esA4M8ogUf.7IW8PA.W4Ju0Arn0buuBdIpVv07XMlyLt2lFa4hVkO\')')
 4 SYSTEMPATH\Database\BaseBuilder.php(2325): CodeIgniter\Database\BaseConnection->query('INSERT INTO `utilisateurs` (`email`, `mot_de_passe`) VALUES (:email:, :mot_de_passe:)', [...], false)
 5 APPPATH\Controllers\Inscription.php(29): CodeIgniter\Database\BaseBuilder->insert([...])
 6 SYSTEMPATH\CodeIgniter.php(933): App\Controllers\Inscription->register()
 7 SYSTEMPATH\CodeIgniter.php(509): CodeIgniter\CodeIgniter->runController(Object(App\Controllers\Inscription))
 8 SYSTEMPATH\CodeIgniter.php(355): CodeIgniter\CodeIgniter->handleRequest(null, Object(Config\Cache), false)
 9 SYSTEMPATH\Boot.php(312): CodeIgniter\CodeIgniter->run()
10 SYSTEMPATH\Boot.php(67): CodeIgniter\Boot::runCodeIgniter(Object(CodeIgniter\CodeIgniter))
11 FCPATH\index.php(56): CodeIgniter\Boot::bootWeb(Object(Config\Paths))
12 SYSTEMPATH\Commands\Server\rewrite.php(49): require_once('F:\\uwamp\\www\\CVVEN\\public\\index.php')
ERROR - 2024-04-27 00:15:11 --> mysqli_sql_exception: Duplicate entry '0' for key 'PRIMARY' in F:\uwamp\www\CVVEN\system\Database\MySQLi\Connection.php:308
Stack trace:
#0 F:\uwamp\www\CVVEN\system\Database\MySQLi\Connection.php(308): mysqli->query('INSERT INTO `ad...', 0)
#1 F:\uwamp\www\CVVEN\system\Database\BaseConnection.php(722): CodeIgniter\Database\MySQLi\Connection->execute('INSERT INTO `ad...')
#2 F:\uwamp\www\CVVEN\system\Database\BaseConnection.php(636): CodeIgniter\Database\BaseConnection->simpleQuery('INSERT INTO `ad...')
#3 F:\uwamp\www\CVVEN\system\Database\BaseBuilder.php(2325): CodeIgniter\Database\BaseConnection->query('INSERT INTO `ad...', Array, false)
#4 F:\uwamp\www\CVVEN\app\Controllers\Inscription.php(29): CodeIgniter\Database\BaseBuilder->insert(Array)
#5 F:\uwamp\www\CVVEN\system\CodeIgniter.php(933): App\Controllers\Inscription->register()
#6 F:\uwamp\www\CVVEN\system\CodeIgniter.php(509): CodeIgniter\CodeIgniter->runController(Object(App\Controllers\Inscription))
#7 F:\uwamp\www\CVVEN\system\CodeIgniter.php(355): CodeIgniter\CodeIgniter->handleRequest(NULL, Object(Config\Cache), false)
#8 F:\uwamp\www\CVVEN\system\Boot.php(312): CodeIgniter\CodeIgniter->run()
#9 F:\uwamp\www\CVVEN\system\Boot.php(67): CodeIgniter\Boot::runCodeIgniter(Object(CodeIgniter\CodeIgniter))
#10 F:\uwamp\www\CVVEN\public\index.php(56): CodeIgniter\Boot::bootWeb(Object(Config\Paths))
#11 F:\uwamp\www\CVVEN\system\Commands\Server\rewrite.php(49): require_once('F:\\uwamp\\www\\CV...')
#12 {main}
CRITICAL - 2024-04-27 00:15:11 --> CodeIgniter\Database\Exceptions\DatabaseException: Duplicate entry '0' for key 'PRIMARY'
[Method: POST, Route: inscription2/register]
in SYSTEMPATH\Database\BaseConnection.php on line 676.
 1 SYSTEMPATH\Database\BaseBuilder.php(2325): CodeIgniter\Database\BaseConnection->query('INSERT INTO `adherent` (`adt_email`, `adt_mdp`) VALUES (:adt_email:, :adt_mdp:)', [...], false)
 2 APPPATH\Controllers\Inscription.php(29): CodeIgniter\Database\BaseBuilder->insert([...])
 3 SYSTEMPATH\CodeIgniter.php(933): App\Controllers\Inscription->register()
 4 SYSTEMPATH\CodeIgniter.php(509): CodeIgniter\CodeIgniter->runController(Object(App\Controllers\Inscription))
 5 SYSTEMPATH\CodeIgniter.php(355): CodeIgniter\CodeIgniter->handleRequest(null, Object(Config\Cache), false)
 6 SYSTEMPATH\Boot.php(312): CodeIgniter\CodeIgniter->run()
 7 SYSTEMPATH\Boot.php(67): CodeIgniter\Boot::runCodeIgniter(Object(CodeIgniter\CodeIgniter))
 8 FCPATH\index.php(56): CodeIgniter\Boot::bootWeb(Object(Config\Paths))
 9 SYSTEMPATH\Commands\Server\rewrite.php(49): require_once('F:\\uwamp\\www\\CVVEN\\public\\index.php')
CRITICAL - 2024-04-27 00:15:11 --> [Caused by] CodeIgniter\Database\Exceptions\DatabaseException: Duplicate entry '0' for key 'PRIMARY'
in SYSTEMPATH\Database\MySQLi\Connection.php on line 313.
 1 SYSTEMPATH\Database\BaseConnection.php(722): CodeIgniter\Database\MySQLi\Connection->execute('INSERT INTO `adherent` (`adt_email`, `adt_mdp`) VALUES (\'yoannmercier1233@gmail.com\', \'$2y$10$KvaF5N6yaiJEEjoZaLuJGu02EDg8Vf5v8zTsWA3SJmf1iuhm5lfVW\')')
 2 SYSTEMPATH\Database\BaseConnection.php(636): CodeIgniter\Database\BaseConnection->simpleQuery('INSERT INTO `adherent` (`adt_email`, `adt_mdp`) VALUES (\'yoannmercier1233@gmail.com\', \'$2y$10$KvaF5N6yaiJEEjoZaLuJGu02EDg8Vf5v8zTsWA3SJmf1iuhm5lfVW\')')
 3 SYSTEMPATH\Database\BaseBuilder.php(2325): CodeIgniter\Database\BaseConnection->query('INSERT INTO `adherent` (`adt_email`, `adt_mdp`) VALUES (:adt_email:, :adt_mdp:)', [...], false)
 4 APPPATH\Controllers\Inscription.php(29): CodeIgniter\Database\BaseBuilder->insert([...])
 5 SYSTEMPATH\CodeIgniter.php(933): App\Controllers\Inscription->register()
 6 SYSTEMPATH\CodeIgniter.php(509): CodeIgniter\CodeIgniter->runController(Object(App\Controllers\Inscription))
 7 SYSTEMPATH\CodeIgniter.php(355): CodeIgniter\CodeIgniter->handleRequest(null, Object(Config\Cache), false)
 8 SYSTEMPATH\Boot.php(312): CodeIgniter\CodeIgniter->run()
 9 SYSTEMPATH\Boot.php(67): CodeIgniter\Boot::runCodeIgniter(Object(CodeIgniter\CodeIgniter))
10 FCPATH\index.php(56): CodeIgniter\Boot::bootWeb(Object(Config\Paths))
11 SYSTEMPATH\Commands\Server\rewrite.php(49): require_once('F:\\uwamp\\www\\CVVEN\\public\\index.php')
CRITICAL - 2024-04-27 00:15:11 --> [Caused by] mysqli_sql_exception: Duplicate entry '0' for key 'PRIMARY'
in SYSTEMPATH\Database\MySQLi\Connection.php on line 308.
 1 SYSTEMPATH\Database\MySQLi\Connection.php(308): mysqli->query('INSERT INTO `adherent` (`adt_email`, `adt_mdp`) VALUES (\'yoannmercier1233@gmail.com\', \'$2y$10$KvaF5N6yaiJEEjoZaLuJGu02EDg8Vf5v8zTsWA3SJmf1iuhm5lfVW\')', 0)
 2 SYSTEMPATH\Database\BaseConnection.php(722): CodeIgniter\Database\MySQLi\Connection->execute('INSERT INTO `adherent` (`adt_email`, `adt_mdp`) VALUES (\'yoannmercier1233@gmail.com\', \'$2y$10$KvaF5N6yaiJEEjoZaLuJGu02EDg8Vf5v8zTsWA3SJmf1iuhm5lfVW\')')
 3 SYSTEMPATH\Database\BaseConnection.php(636): CodeIgniter\Database\BaseConnection->simpleQuery('INSERT INTO `adherent` (`adt_email`, `adt_mdp`) VALUES (\'yoannmercier1233@gmail.com\', \'$2y$10$KvaF5N6yaiJEEjoZaLuJGu02EDg8Vf5v8zTsWA3SJmf1iuhm5lfVW\')')
 4 SYSTEMPATH\Database\BaseBuilder.php(2325): CodeIgniter\Database\BaseConnection->query('INSERT INTO `adherent` (`adt_email`, `adt_mdp`) VALUES (:adt_email:, :adt_mdp:)', [...], false)
 5 APPPATH\Controllers\Inscription.php(29): CodeIgniter\Database\BaseBuilder->insert([...])
 6 SYSTEMPATH\CodeIgniter.php(933): App\Controllers\Inscription->register()
 7 SYSTEMPATH\CodeIgniter.php(509): CodeIgniter\CodeIgniter->runController(Object(App\Controllers\Inscription))
 8 SYSTEMPATH\CodeIgniter.php(355): CodeIgniter\CodeIgniter->handleRequest(null, Object(Config\Cache), false)
 9 SYSTEMPATH\Boot.php(312): CodeIgniter\CodeIgniter->run()
10 SYSTEMPATH\Boot.php(67): CodeIgniter\Boot::runCodeIgniter(Object(CodeIgniter\CodeIgniter))
11 FCPATH\index.php(56): CodeIgniter\Boot::bootWeb(Object(Config\Paths))
12 SYSTEMPATH\Commands\Server\rewrite.php(49): require_once('F:\\uwamp\\www\\CVVEN\\public\\index.php')
DEBUG - 2024-04-27 00:31:56 --> La méthode inscription() est appelée.
DEBUG - 2024-04-27 00:32:11 --> La méthode inscription() est appelée.
DEBUG - 2024-04-27 00:32:32 --> La méthode inscription() est appelée.
DEBUG - 2024-04-27 00:35:27 --> La méthode inscription() est appelée.
DEBUG - 2024-04-27 00:42:18 --> La méthode inscription() est appelée.
DEBUG - 2024-04-27 00:50:48 --> La méthode inscription() est appelée.
DEBUG - 2024-04-27 00:55:25 --> La méthode inscription() est appelée.
DEBUG - 2024-04-27 01:00:34 --> La méthode inscription() est appelée.
DEBUG - 2024-04-27 01:00:34 --> Méthode de la requête : POST
DEBUG - 2024-04-27 01:00:34 --> Données POST : Array
(
    [email] => UwU
    [password] => UwU
    [nom] => UwU
    [prenom] => UwU gang
    [register] => 
)

DEBUG - 2024-04-27 01:03:59 --> La méthode inscription() est appelée.
DEBUG - 2024-04-27 01:03:59 --> Méthode de la requête : POST
DEBUG - 2024-04-27 01:03:59 --> Données POST : Array
(
    [email] => uwu@uwu.com
    [password] => UwU
    [nom] => UwU
    [prenom] => UwU Gang
    [register] => 
)

DEBUG - 2024-04-27 01:07:15 --> La méthode inscription() est appelée.
DEBUG - 2024-04-27 01:07:15 --> Méthode de la requête : POST
DEBUG - 2024-04-27 01:07:15 --> Données POST : Array
(
    [email] => uwu@uwu.com
    [password] => UwU
    [nom] => UwU
    [prenom] => UwU gang
    [register] => 
)

DEBUG - 2024-04-27 01:07:15 --> post ok.
DEBUG - 2024-04-27 01:13:56 --> La méthode inscription() est appelée.
DEBUG - 2024-04-27 01:13:56 --> Méthode de la requête : POST
DEBUG - 2024-04-27 01:13:56 --> Données POST : Array
(
    [email] => jessicapascalop@gmail.com
    [password] => uwu
    [nom] => uwu
    [prenom] => uwu
    [register] => 
)

DEBUG - 2024-04-27 01:13:56 --> post ok.
DEBUG - 2024-04-27 01:14:47 --> La méthode inscription() est appelée.
DEBUG - 2024-04-27 01:14:47 --> Méthode de la requête : POST
DEBUG - 2024-04-27 01:14:47 --> Données POST : Array
(
    [email] => uwu@uwu.com
    [password] => uwu
    [nom] => uwu
    [prenom] => uwu gang
    [register] => 
)

DEBUG - 2024-04-27 01:14:47 --> post ok.
CRITICAL - 2024-04-27 01:14:48 --> CodeIgniter\Validation\Exceptions\ValidationException: "inscription" is not a validation rules group.
[Method: POST, Route: inscription.php]
in SYSTEMPATH\Validation\Validation.php on line 749.
 1 SYSTEMPATH\Validation\Validation.php(749): CodeIgniter\Validation\Exceptions\ValidationException::forGroupNotFound('inscription')
 2 SYSTEMPATH\Validation\Validation.php(148): CodeIgniter\Validation\Validation->loadRuleGroup('inscription')
 3 APPPATH\Controllers\Controllers_Inscription.php(32): CodeIgniter\Validation\Validation->run([...], 'inscription')
 4 SYSTEMPATH\CodeIgniter.php(933): App\Controllers\Controllers_Inscription->inscription()
 5 SYSTEMPATH\CodeIgniter.php(509): CodeIgniter\CodeIgniter->runController(Object(App\Controllers\Controllers_Inscription))
 6 SYSTEMPATH\CodeIgniter.php(355): CodeIgniter\CodeIgniter->handleRequest(null, Object(Config\Cache), false)
 7 SYSTEMPATH\Boot.php(312): CodeIgniter\CodeIgniter->run()
 8 SYSTEMPATH\Boot.php(67): CodeIgniter\Boot::runCodeIgniter(Object(CodeIgniter\CodeIgniter))
 9 FCPATH\index.php(56): CodeIgniter\Boot::bootWeb(Object(Config\Paths))
10 SYSTEMPATH\Commands\Server\rewrite.php(49): require_once('F:\\uwamp\\www\\CVVEN\\public\\index.php')
DEBUG - 2024-04-27 01:21:39 --> La méthode inscription() est appelée.
DEBUG - 2024-04-27 01:21:39 --> Méthode de la requête : POST
DEBUG - 2024-04-27 01:21:39 --> Données POST : Array
(
    [email] => uwu@uwu.com
    [password] => uwu
    [nom] => uwu
    [prenom] => uwu gang
    [register] => 
)

DEBUG - 2024-04-27 01:21:39 --> post ok.
DEBUG - 2024-04-27 01:21:55 --> La méthode inscription() est appelée.
DEBUG - 2024-04-27 01:21:55 --> Méthode de la requête : POST
DEBUG - 2024-04-27 01:21:55 --> Données POST : Array
(
    [email] => yoann.mercier
    [password] => 123456Y
    [nom] => uwu
    [prenom] => uwu
    [register] => 
)

DEBUG - 2024-04-27 01:21:55 --> post ok.
DEBUG - 2024-04-27 01:22:13 --> La méthode inscription() est appelée.
DEBUG - 2024-04-27 01:22:13 --> Méthode de la requête : POST
DEBUG - 2024-04-27 01:22:13 --> Données POST : Array
(
    [email] => uwu@uwu.com
    [password] => uwuuwuuwu
    [nom] => uwu
    [prenom] => uwu gang
    [register] => 
)

DEBUG - 2024-04-27 01:22:13 --> post ok.
ERROR - 2024-04-27 01:22:13 --> mysqli_sql_exception: Unknown column 'created_at' in 'field list' in F:\uwamp\www\CVVEN\system\Database\MySQLi\Connection.php:308
Stack trace:
#0 F:\uwamp\www\CVVEN\system\Database\MySQLi\Connection.php(308): mysqli->query('INSERT INTO `ad...', 0)
#1 F:\uwamp\www\CVVEN\system\Database\BaseConnection.php(722): CodeIgniter\Database\MySQLi\Connection->execute('INSERT INTO `ad...')
#2 F:\uwamp\www\CVVEN\system\Database\BaseConnection.php(636): CodeIgniter\Database\BaseConnection->simpleQuery('INSERT INTO `ad...')
#3 F:\uwamp\www\CVVEN\system\Database\BaseBuilder.php(2325): CodeIgniter\Database\BaseConnection->query('INSERT INTO `ad...', Array, false)
#4 F:\uwamp\www\CVVEN\system\Model.php(383): CodeIgniter\Database\BaseBuilder->insert()
#5 F:\uwamp\www\CVVEN\system\BaseModel.php(840): CodeIgniter\Model->doInsert(Array)
#6 F:\uwamp\www\CVVEN\system\Model.php(791): CodeIgniter\BaseModel->insert(Array, true)
#7 F:\uwamp\www\CVVEN\app\Controllers\Controllers_Inscription.php(47): CodeIgniter\Model->insert(Array)
#8 F:\uwamp\www\CVVEN\system\CodeIgniter.php(933): App\Controllers\Controllers_Inscription->inscription()
#9 F:\uwamp\www\CVVEN\system\CodeIgniter.php(509): CodeIgniter\CodeIgniter->runController(Object(App\Controllers\Controllers_Inscription))
#10 F:\uwamp\www\CVVEN\system\CodeIgniter.php(355): CodeIgniter\CodeIgniter->handleRequest(NULL, Object(Config\Cache), false)
#11 F:\uwamp\www\CVVEN\system\Boot.php(312): CodeIgniter\CodeIgniter->run()
#12 F:\uwamp\www\CVVEN\system\Boot.php(67): CodeIgniter\Boot::runCodeIgniter(Object(CodeIgniter\CodeIgniter))
#13 F:\uwamp\www\CVVEN\public\index.php(56): CodeIgniter\Boot::bootWeb(Object(Config\Paths))
#14 F:\uwamp\www\CVVEN\system\Commands\Server\rewrite.php(49): require_once('F:\\uwamp\\www\\CV...')
#15 {main}
CRITICAL - 2024-04-27 01:22:13 --> CodeIgniter\Database\Exceptions\DatabaseException: Unknown column 'created_at' in 'field list'
[Method: POST, Route: inscription.php]
in SYSTEMPATH\Database\BaseConnection.php on line 676.
 1 SYSTEMPATH\Database\BaseBuilder.php(2325): CodeIgniter\Database\BaseConnection->query('INSERT INTO `adherent` (`adt_email`, `adt_nom`, `adt_prenom`, `adt_mdp`, `created_at`, `updated_at`) VALUES (:adt_email.1:, :adt_nom:, :adt_prenom:, :adt_mdp:, :created_at:, :updated_at:)', [...], false)
 2 SYSTEMPATH\Model.php(383): CodeIgniter\Database\BaseBuilder->insert()
 3 SYSTEMPATH\BaseModel.php(840): CodeIgniter\Model->doInsert([...])
 4 SYSTEMPATH\Model.php(791): CodeIgniter\BaseModel->insert([...], true)
 5 APPPATH\Controllers\Controllers_Inscription.php(47): CodeIgniter\Model->insert([...])
 6 SYSTEMPATH\CodeIgniter.php(933): App\Controllers\Controllers_Inscription->inscription()
 7 SYSTEMPATH\CodeIgniter.php(509): CodeIgniter\CodeIgniter->runController(Object(App\Controllers\Controllers_Inscription))
 8 SYSTEMPATH\CodeIgniter.php(355): CodeIgniter\CodeIgniter->handleRequest(null, Object(Config\Cache), false)
 9 SYSTEMPATH\Boot.php(312): CodeIgniter\CodeIgniter->run()
10 SYSTEMPATH\Boot.php(67): CodeIgniter\Boot::runCodeIgniter(Object(CodeIgniter\CodeIgniter))
11 FCPATH\index.php(56): CodeIgniter\Boot::bootWeb(Object(Config\Paths))
12 SYSTEMPATH\Commands\Server\rewrite.php(49): require_once('F:\\uwamp\\www\\CVVEN\\public\\index.php')
CRITICAL - 2024-04-27 01:22:13 --> [Caused by] CodeIgniter\Database\Exceptions\DatabaseException: Unknown column 'created_at' in 'field list'
in SYSTEMPATH\Database\MySQLi\Connection.php on line 313.
 1 SYSTEMPATH\Database\BaseConnection.php(722): CodeIgniter\Database\MySQLi\Connection->execute('INSERT INTO `adherent` (`adt_email`, `adt_nom`, `adt_prenom`, `adt_mdp`, `created_at`, `updated_at`) VALUES (\'uwu@uwu.com\', \'uwu\', \'uwu gang\', \'$2y$10$5ptIWoOE3kHASnVN4lwATOT5AL4uO.06vRzVgshrNTcQX677h.jG2\', \'2024-04-27 01:22:13\', \'2024-04-27 01:22:13\')')
 2 SYSTEMPATH\Database\BaseConnection.php(636): CodeIgniter\Database\BaseConnection->simpleQuery('INSERT INTO `adherent` (`adt_email`, `adt_nom`, `adt_prenom`, `adt_mdp`, `created_at`, `updated_at`) VALUES (\'uwu@uwu.com\', \'uwu\', \'uwu gang\', \'$2y$10$5ptIWoOE3kHASnVN4lwATOT5AL4uO.06vRzVgshrNTcQX677h.jG2\', \'2024-04-27 01:22:13\', \'2024-04-27 01:22:13\')')
 3 SYSTEMPATH\Database\BaseBuilder.php(2325): CodeIgniter\Database\BaseConnection->query('INSERT INTO `adherent` (`adt_email`, `adt_nom`, `adt_prenom`, `adt_mdp`, `created_at`, `updated_at`) VALUES (:adt_email.1:, :adt_nom:, :adt_prenom:, :adt_mdp:, :created_at:, :updated_at:)', [...], false)
 4 SYSTEMPATH\Model.php(383): CodeIgniter\Database\BaseBuilder->insert()
 5 SYSTEMPATH\BaseModel.php(840): CodeIgniter\Model->doInsert([...])
 6 SYSTEMPATH\Model.php(791): CodeIgniter\BaseModel->insert([...], true)
 7 APPPATH\Controllers\Controllers_Inscription.php(47): CodeIgniter\Model->insert([...])
 8 SYSTEMPATH\CodeIgniter.php(933): App\Controllers\Controllers_Inscription->inscription()
 9 SYSTEMPATH\CodeIgniter.php(509): CodeIgniter\CodeIgniter->runController(Object(App\Controllers\Controllers_Inscription))
10 SYSTEMPATH\CodeIgniter.php(355): CodeIgniter\CodeIgniter->handleRequest(null, Object(Config\Cache), false)
11 SYSTEMPATH\Boot.php(312): CodeIgniter\CodeIgniter->run()
12 SYSTEMPATH\Boot.php(67): CodeIgniter\Boot::runCodeIgniter(Object(CodeIgniter\CodeIgniter))
13 FCPATH\index.php(56): CodeIgniter\Boot::bootWeb(Object(Config\Paths))
14 SYSTEMPATH\Commands\Server\rewrite.php(49): require_once('F:\\uwamp\\www\\CVVEN\\public\\index.php')
CRITICAL - 2024-04-27 01:22:13 --> [Caused by] mysqli_sql_exception: Unknown column 'created_at' in 'field list'
in SYSTEMPATH\Database\MySQLi\Connection.php on line 308.
 1 SYSTEMPATH\Database\MySQLi\Connection.php(308): mysqli->query('INSERT INTO `adherent` (`adt_email`, `adt_nom`, `adt_prenom`, `adt_mdp`, `created_at`, `updated_at`) VALUES (\'uwu@uwu.com\', \'uwu\', \'uwu gang\', \'$2y$10$5ptIWoOE3kHASnVN4lwATOT5AL4uO.06vRzVgshrNTcQX677h.jG2\', \'2024-04-27 01:22:13\', \'2024-04-27 01:22:13\')', 0)
 2 SYSTEMPATH\Database\BaseConnection.php(722): CodeIgniter\Database\MySQLi\Connection->execute('INSERT INTO `adherent` (`adt_email`, `adt_nom`, `adt_prenom`, `adt_mdp`, `created_at`, `updated_at`) VALUES (\'uwu@uwu.com\', \'uwu\', \'uwu gang\', \'$2y$10$5ptIWoOE3kHASnVN4lwATOT5AL4uO.06vRzVgshrNTcQX677h.jG2\', \'2024-04-27 01:22:13\', \'2024-04-27 01:22:13\')')
 3 SYSTEMPATH\Database\BaseConnection.php(636): CodeIgniter\Database\BaseConnection->simpleQuery('INSERT INTO `adherent` (`adt_email`, `adt_nom`, `adt_prenom`, `adt_mdp`, `created_at`, `updated_at`) VALUES (\'uwu@uwu.com\', \'uwu\', \'uwu gang\', \'$2y$10$5ptIWoOE3kHASnVN4lwATOT5AL4uO.06vRzVgshrNTcQX677h.jG2\', \'2024-04-27 01:22:13\', \'2024-04-27 01:22:13\')')
 4 SYSTEMPATH\Database\BaseBuilder.php(2325): CodeIgniter\Database\BaseConnection->query('INSERT INTO `adherent` (`adt_email`, `adt_nom`, `adt_prenom`, `adt_mdp`, `created_at`, `updated_at`) VALUES (:adt_email.1:, :adt_nom:, :adt_prenom:, :adt_mdp:, :created_at:, :updated_at:)', [...], false)
 5 SYSTEMPATH\Model.php(383): CodeIgniter\Database\BaseBuilder->insert()
 6 SYSTEMPATH\BaseModel.php(840): CodeIgniter\Model->doInsert([...])
 7 SYSTEMPATH\Model.php(791): CodeIgniter\BaseModel->insert([...], true)
 8 APPPATH\Controllers\Controllers_Inscription.php(47): CodeIgniter\Model->insert([...])
 9 SYSTEMPATH\CodeIgniter.php(933): App\Controllers\Controllers_Inscription->inscription()
10 SYSTEMPATH\CodeIgniter.php(509): CodeIgniter\CodeIgniter->runController(Object(App\Controllers\Controllers_Inscription))
11 SYSTEMPATH\CodeIgniter.php(355): CodeIgniter\CodeIgniter->handleRequest(null, Object(Config\Cache), false)
12 SYSTEMPATH\Boot.php(312): CodeIgniter\CodeIgniter->run()
13 SYSTEMPATH\Boot.php(67): CodeIgniter\Boot::runCodeIgniter(Object(CodeIgniter\CodeIgniter))
14 FCPATH\index.php(56): CodeIgniter\Boot::bootWeb(Object(Config\Paths))
15 SYSTEMPATH\Commands\Server\rewrite.php(49): require_once('F:\\uwamp\\www\\CVVEN\\public\\index.php')
DEBUG - 2024-04-27 01:28:10 --> La méthode inscription() est appelée.
DEBUG - 2024-04-27 01:28:10 --> Méthode de la requête : POST
DEBUG - 2024-04-27 01:28:10 --> Données POST : Array
(
    [email] => uwu@uwu.com
    [password] => uwuuwuuwu
    [nom] => uwu
    [prenom] => uwu gang
    [register] => 
)

DEBUG - 2024-04-27 01:28:10 --> post ok.
CRITICAL - 2024-04-27 02:09:39 --> ParseError: syntax error, unexpected token "echo"
[Method: GET, Route: inscription]
in APPPATH\Views\inscription.php on line 7.
 1 SYSTEMPATH\View\View.php(237): CodeIgniter\View\View->CodeIgniter\View\{closure}()
 2 SYSTEMPATH\Common.php(1171): CodeIgniter\View\View->render('inscription.php', [], true)
 3 APPPATH\Controllers\Controllers_Inscription.php(10): view('inscription.php')
 4 SYSTEMPATH\CodeIgniter.php(933): App\Controllers\Controllers_Inscription->index()
 5 SYSTEMPATH\CodeIgniter.php(509): CodeIgniter\CodeIgniter->runController(Object(App\Controllers\Controllers_Inscription))
 6 SYSTEMPATH\CodeIgniter.php(355): CodeIgniter\CodeIgniter->handleRequest(null, Object(Config\Cache), false)
 7 SYSTEMPATH\Boot.php(312): CodeIgniter\CodeIgniter->run()
 8 SYSTEMPATH\Boot.php(67): CodeIgniter\Boot::runCodeIgniter(Object(CodeIgniter\CodeIgniter))
 9 FCPATH\index.php(56): CodeIgniter\Boot::bootWeb(Object(Config\Paths))
10 SYSTEMPATH\Commands\Server\rewrite.php(49): require_once('F:\\uwamp\\www\\CVVEN\\public\\index.php')
CRITICAL - 2024-04-27 02:09:59 --> ParseError: syntax error, unexpected token "echo"
[Method: GET, Route: inscription]
in APPPATH\Views\inscription.php on line 7.
 1 SYSTEMPATH\View\View.php(237): CodeIgniter\View\View->CodeIgniter\View\{closure}()
 2 SYSTEMPATH\Common.php(1171): CodeIgniter\View\View->render('inscription.php', [], true)
 3 APPPATH\Controllers\Controllers_Inscription.php(10): view('inscription.php')
 4 SYSTEMPATH\CodeIgniter.php(933): App\Controllers\Controllers_Inscription->index()
 5 SYSTEMPATH\CodeIgniter.php(509): CodeIgniter\CodeIgniter->runController(Object(App\Controllers\Controllers_Inscription))
 6 SYSTEMPATH\CodeIgniter.php(355): CodeIgniter\CodeIgniter->handleRequest(null, Object(Config\Cache), false)
 7 SYSTEMPATH\Boot.php(312): CodeIgniter\CodeIgniter->run()
 8 SYSTEMPATH\Boot.php(67): CodeIgniter\Boot::runCodeIgniter(Object(CodeIgniter\CodeIgniter))
 9 FCPATH\index.php(56): CodeIgniter\Boot::bootWeb(Object(Config\Paths))
10 SYSTEMPATH\Commands\Server\rewrite.php(49): require_once('F:\\uwamp\\www\\CVVEN\\public\\index.php')
CRITICAL - 2024-04-27 02:14:27 --> ParseError: syntax error, unexpected token ";"
[Method: GET, Route: inscription]
in APPPATH\Views\inscription.php on line 7.
 1 SYSTEMPATH\View\View.php(237): CodeIgniter\View\View->CodeIgniter\View\{closure}()
 2 SYSTEMPATH\Common.php(1171): CodeIgniter\View\View->render('inscription.php', [], true)
 3 APPPATH\Controllers\Controllers_Inscription.php(10): view('inscription.php')
 4 SYSTEMPATH\CodeIgniter.php(933): App\Controllers\Controllers_Inscription->index()
 5 SYSTEMPATH\CodeIgniter.php(509): CodeIgniter\CodeIgniter->runController(Object(App\Controllers\Controllers_Inscription))
 6 SYSTEMPATH\CodeIgniter.php(355): CodeIgniter\CodeIgniter->handleRequest(null, Object(Config\Cache), false)
 7 SYSTEMPATH\Boot.php(312): CodeIgniter\CodeIgniter->run()
 8 SYSTEMPATH\Boot.php(67): CodeIgniter\Boot::runCodeIgniter(Object(CodeIgniter\CodeIgniter))
 9 FCPATH\index.php(56): CodeIgniter\Boot::bootWeb(Object(Config\Paths))
10 SYSTEMPATH\Commands\Server\rewrite.php(49): require_once('F:\\uwamp\\www\\CVVEN\\public\\index.php')
